1524842024	2018-04-27 11:13:44	P	start	mesquita:start	success	
1524842024	2018-04-27 11:13:44	P	control_de_registros	mesquita:control_de_registros	success	
1524842024	2018-04-27 11:13:44	P	no-conformidades	mesquita:no-conformidades	success	
1524842024	2018-04-27 11:13:44	P	instalacion_cerrajerias_herrajes	mesquita:instalacion_cerrajerias_herrajes	success	
1524842024	2018-04-27 11:13:44	P	gestion_de_recursos_humanos	mesquita:gestion_de_recursos_humanos	success	
1524842024	2018-04-27 11:13:44	P	gestion_de_no_conformidades_y_reclamos	mesquita:gestion_de_no_conformidades_y_reclamos	success	
1524842024	2018-04-27 11:13:44	P	determinacion_de_los_requisitos_del_cliente	mesquita:determinacion_de_los_requisitos_del_cliente	success	
1524842024	2018-04-27 11:13:44	P	control_de_informacion_documentada	mesquita:control_de_informacion_documentada	success	
1524842024	2018-04-27 11:13:44	P	control_de_documentos	mesquita:control_de_documentos	success	
1524842024	2018-04-27 11:13:44	P	observaciones	mesquita:observaciones	success	
1524842027	2018-04-27 11:13:47	P	compras_y_evaluacion_de_proveedores	mesquita:compras_y_evaluacion_de_proveedores	success	
1524842027	2018-04-27 11:13:47	P	auditorias_internas	mesquita:auditorias_internas	success	
1524842027	2018-04-27 11:13:47	P	armado_marcos_abisagrado_hojas	mesquita:armado_marcos_abisagrado_hojas	success	
1524842027	2018-04-27 11:13:47	P	armado_de_hojas	mesquita:armado_de_hojas	success	
1524842027	2018-04-27 11:13:47	P	alcance_sistema_gestion_calidad	mesquita:alcance_sistema_gestion_calidad	success	
1524842027	2018-04-27 11:13:47	P	acciones_preventivas	mesquita:acciones_preventivas	success	
1524842027	2018-04-27 11:13:47	P	instalacion_de_puerta	mesquita:instalacion_de_puerta	success	
1524842027	2018-04-27 11:13:47	P	oportunidades_de_mejora	mesquita:oportunidades_de_mejora	success	
1524842027	2018-04-27 11:13:47	P	sistema_de_gestion_de_calidad	mesquita:sistema_de_gestion_de_calidad	success	
1524842027	2018-04-27 11:13:47	P	requerimientos_pintor_de_carpinterias_metalicas	mesquita:requerimientos_pintor_de_carpinterias_metalicas	success	
1524842028	2018-04-27 11:13:48	P	satisfaccion_del_cliente	mesquita:satisfaccion_del_cliente	success	
1524842028	2018-04-27 11:13:48	P	revision_por_la_direccion	mesquita:revision_por_la_direccion	success	
1524842028	2018-04-27 11:13:48	P	requerimientos_puesto_representante_de_ventas_y_encargado_de_servicios	mesquita:requerimientos_puesto_representante_de_ventas_y_encargado_de_servicios	success	
1524842028	2018-04-27 11:13:48	P	requerimientos_puesto_encargado_administrativo_contable	mesquita:requerimientos_puesto_encargado_administrativo_contable	success	
1524842028	2018-04-27 11:13:48	P	requerimientos_puesto_auxiliar_administrativo_contable	mesquita:requerimientos_puesto_auxiliar_administrativo_contable	success	
1524842028	2018-04-27 11:13:48	P	requerimientos_puesto_auditor_interno	mesquita:requerimientos_puesto_auditor_interno	success	
1524842028	2018-04-27 11:13:48	P	requerimientos_instalador_de_herrajes_cerrajerias_y_accesorios	mesquita:requerimientos_instalador_de_herrajes_cerrajerias_y_accesorios	success	
1524842028	2018-04-27 11:13:48	P	politica_de_backups	mesquita:politica_de_backups	success	
1524842028	2018-04-27 11:13:48	P	requerimientos_encargado_de_produccion	mesquita:requerimientos_encargado_de_produccion	success	
1524842028	2018-04-27 11:13:48	P	registro_informe_revision_por_direccion	mesquita:registro_informe_revision_por_direccion	success	
1524842029	2018-04-27 11:13:49	P	producto-no-conforme	mesquita:producto-no-conforme	success	
1524842029	2018-04-27 11:13:49	P	procedimiento_de_produccion	mesquita:procedimiento_de_produccion	success	
1524842029	2018-04-27 11:13:49	P	politica_de_calidad	mesquita:politica_de_calidad	success	
1524842029	2018-04-27 11:13:49	P	pintado_de_puertas	mesquita:pintado_de_puertas	success	
1524842029	2018-04-27 11:13:49	P	acciones_correctivas	mesquita:acciones_correctivas	success	
