1524842947	2018-04-27 11:29:07	P	mesquita:acciones_correctivas	acciones_correctivas	success	
1524842947	2018-04-27 11:29:07	P	mesquita:requerimientos_pintor_de_carpinterias_metalicas	requerimientos_pintor_de_carpinterias_metalicas	success	
1524842947	2018-04-27 11:29:07	P	mesquita:politica_de_calidad	politica_de_calidad	success	
1524842947	2018-04-27 11:29:07	P	mesquita:procedimiento_de_produccion	procedimiento_de_produccion	success	
1524842947	2018-04-27 11:29:07	P	mesquita:producto-no-conforme	producto-no-conforme	success	
1524842947	2018-04-27 11:29:07	P	mesquita:registro_informe_revision_por_direccion	registro_informe_revision_por_direccion	success	
1524842947	2018-04-27 11:29:07	P	mesquita:requerimientos_encargado_de_produccion	requerimientos_encargado_de_produccion	success	
1524842947	2018-04-27 11:29:07	P	mesquita:requerimientos_instalador_de_herrajes_cerrajerias_y_accesorios	requerimientos_instalador_de_herrajes_cerrajerias_y_accesorios	success	
1524842947	2018-04-27 11:29:07	P	mesquita:requerimientos_puesto_auditor_interno	requerimientos_puesto_auditor_interno	success	
1524842947	2018-04-27 11:29:07	P	mesquita:pintado_de_puertas	pintado_de_puertas	success	
1524842947	2018-04-27 11:29:07	P	mesquita:requerimientos_puesto_auxiliar_administrativo_contable	requerimientos_puesto_auxiliar_administrativo_contable	success	
1524842947	2018-04-27 11:29:07	P	mesquita:requerimientos_puesto_encargado_administrativo_contable	requerimientos_puesto_encargado_administrativo_contable	success	
1524842947	2018-04-27 11:29:07	P	mesquita:requerimientos_puesto_representante_de_ventas_y_encargado_de_servicios	requerimientos_puesto_representante_de_ventas_y_encargado_de_servicios	success	
1524842947	2018-04-27 11:29:07	P	mesquita:revision_por_la_direccion	revision_por_la_direccion	success	
1524842947	2018-04-27 11:29:07	P	mesquita:satisfaccion_del_cliente	satisfaccion_del_cliente	success	
1524842947	2018-04-27 11:29:07	P	mesquita:sistema_de_gestion_de_calidad	sistema_de_gestion_de_calidad	success	
1524842947	2018-04-27 11:29:07	P	mesquita:politica_de_backups	politica_de_backups	success	
1524842947	2018-04-27 11:29:07	P	mesquita:oportunidades_de_mejora	oportunidades_de_mejora	success	
1524842947	2018-04-27 11:29:07	P	mesquita:acciones_preventivas	acciones_preventivas	success	
1524842947	2018-04-27 11:29:07	P	mesquita:control_de_informacion_documentada	control_de_informacion_documentada	success	
1524842947	2018-04-27 11:29:07	P	mesquita:alcance_sistema_gestion_calidad	alcance_sistema_gestion_calidad	success	
1524842947	2018-04-27 11:29:07	P	mesquita:armado_de_hojas	armado_de_hojas	success	
1524842947	2018-04-27 11:29:07	P	mesquita:armado_marcos_abisagrado_hojas	armado_marcos_abisagrado_hojas	success	
1524842947	2018-04-27 11:29:07	P	mesquita:auditorias_internas	auditorias_internas	success	
1524842947	2018-04-27 11:29:07	P	mesquita:compras_y_evaluacion_de_proveedores	compras_y_evaluacion_de_proveedores	success	
1524842947	2018-04-27 11:29:07	P	mesquita:control_de_documentos	control_de_documentos	success	
1524842947	2018-04-27 11:29:07	P	mesquita:control_de_registros	control_de_registros	success	
1524842947	2018-04-27 11:29:07	P	mesquita:observaciones	observaciones	success	
1524842947	2018-04-27 11:29:07	P	mesquita:determinacion_de_los_requisitos_del_cliente	determinacion_de_los_requisitos_del_cliente	success	
1524842947	2018-04-27 11:29:07	P	mesquita:gestion_de_no_conformidades_y_reclamos	gestion_de_no_conformidades_y_reclamos	success	
1524842948	2018-04-27 11:29:08	P	mesquita:gestion_de_recursos_humanos	gestion_de_recursos_humanos	success	
1524842948	2018-04-27 11:29:08	P	mesquita:instalacion_cerrajerias_herrajes	instalacion_cerrajerias_herrajes	success	
1524842948	2018-04-27 11:29:08	P	mesquita:instalacion_de_puerta	instalacion_de_puerta	success	
1524842948	2018-04-27 11:29:08	P	mesquita:no-conformidades	no-conformidades	success	
1524842948	2018-04-27 11:29:08	P	mesquita:start	start	success	
